<?xml version="1.0" encoding="UTF-8"?>
<testsuite xmlns:xsi="http://www.w3.org/2001/XMLSchema-instance" xsi:schemaLocation="https://maven.apache.org/surefire/maven-surefire-plugin/xsd/surefire-test-report.xsd" name="Connect.Url_validatorTest" time="2.854" tests="2" errors="0" skipped="0" failures="0">
  <properties>
[...]
</properties>
  <testcase name="check_bad_url" classname="Connect.Url_validatorTest" time="2.494"/>
  <testcase name="check_rul" classname="Connect.Url_validatorTest" time="0.355"/>
</testsuite>